<?xml version="1.0" encoding="UTF-8" ?>
<testsuite tests="5" failures="0" name="com.ROCSAFE.maven.gpsutilities.WGS84CoordinateUtilsTest" time="0.016" errors="0" skipped="0">
  <properties>
[...]
</properties>
  <testcase classname="com.ROCSAFE.maven.gpsutilities.WGS84CoordinateUtilsTest" name="com.ROCSAFE.maven.gpsutilities.WGS84CoordinateUtilsTest.testRadianToDeg" time="0.008"/>
  <testcase classname="com.ROCSAFE.maven.gpsutilities.WGS84CoordinateUtilsTest" name="com.ROCSAFE.maven.gpsutilities.WGS84CoordinateUtilsTest.testDegToRadian" time="0"/>
  <testcase classname="com.ROCSAFE.maven.gpsutilities.WGS84CoordinateUtilsTest" name="com.ROCSAFE.maven.gpsutilities.WGS84CoordinateUtilsTest.testGetDistanceMetresBetweenWGS84" time="0.007"/>
  <testcase classname="com.ROCSAFE.maven.gpsutilities.WGS84CoordinateUtilsTest" name="com.ROCSAFE.maven.gpsutilities.WGS84CoordinateUtilsTest.testGetDistanceMetresLatToOther" time="0"/>
  <testcase classname="com.ROCSAFE.maven.gpsutilities.WGS84CoordinateUtilsTest" name="com.ROCSAFE.maven.gpsutilities.WGS84CoordinateUtilsTest.testGetDistanceMetresLngToOther" time="0.001"/>
</testsuite>